\BOOKMARK [1][-]{section.0}{Prefazione}{}% 1
\BOOKMARK [2][-]{subsection.0.1}{Abstract}{section.0}% 2
\BOOKMARK [2][-]{subsection.0.2}{Keywords}{section.0}% 3
\BOOKMARK [2][-]{subsection.0.3}{Aknowledgments}{section.0}% 4
\BOOKMARK [1][-]{section.1}{Introduzione}{}% 5
\BOOKMARK [1][-]{section.2}{Brevi note sullo stato dell'arte nella geografia del Decameron}{}% 6
\BOOKMARK [1][-]{section.3}{L'approccio digitale: orizzonti e metodi}{}% 7
\BOOKMARK [2][-]{subsection.3.1}{Testi, corpora, dati}{section.3}% 8
\BOOKMARK [2][-]{subsection.3.2}{Gli strumenti usati}{section.3}% 9
\BOOKMARK [2][-]{subsection.3.3}{La pipeline di lavoro}{section.3}% 10
\BOOKMARK [1][-]{section.4}{Narratologia}{}% 11
\BOOKMARK [1][-]{section.5}{Conclusioni}{}% 12
\BOOKMARK [1][-]{section.6}{Risorse}{}% 13
\BOOKMARK [2][-]{subsection.6.1}{Maps}{section.6}% 14
\BOOKMARK [1][-]{section.7}{Temporaneo}{}% 15
\BOOKMARK [2][-]{subsection.7.1}{Roadmap}{section.7}% 16
\BOOKMARK [3][-]{subsubsection.7.1.1}{Objectives}{subsection.7.1}% 17
\BOOKMARK [3][-]{subsubsection.7.1.2}{Pipeline}{subsection.7.1}% 18
\BOOKMARK [3][-]{subsubsection.7.1.3}{Geographic information}{subsection.7.1}% 19
\BOOKMARK [2][-]{subsection.7.2}{Merge the various csv}{section.7}% 20
\BOOKMARK [2][-]{subsection.7.3}{Questions}{section.7}% 21
\BOOKMARK [2][-]{subsection.7.4}{Note}{section.7}% 22
\BOOKMARK [1][-]{section.8}{Nuove prospettive per lo studio della toponomastica nel Decameron}{}% 23
\BOOKMARK [2][-]{subsection.8.1}{Struttura}{section.8}% 24
